{"C:\\Users\\Usuario\\Documents\\OutrosProjetos\\DNC-desafio-7\\src\\server.ts": {"path":"C:\\Users\\Usuario\\Documents\\OutrosProjetos\\DNC-desafio-7\\src\\server.ts","statementMap":{"0":{"start":{"line":1,"column":0},"end":{"line":1,"column":30}},"1":{"start":{"line":2,"column":0},"end":{"line":2,"column":24}},"2":{"start":{"line":4,"column":0},"end":{"line":4,"column":52}},"3":{"start":{"line":7,"column":12},"end":{"line":7,"column":21}},"4":{"start":{"line":9,"column":0},"end":{"line":9,"column":24}},"5":{"start":{"line":10,"column":0},"end":{"line":10,"column":null}},"6":{"start":{"line":12,"column":0},"end":{"line":12,"column":30}},"7":{"start":{"line":14,"column":0},"end":{"line":16,"column":3}},"8":{"start":{"line":15,"column":2},"end":{"line":15,"column":33}}},"fnMap":{"0":{"name":"(anonymous_1)","decl":{"start":{"line":14,"column":17},"end":{"line":14,"column":20}},"loc":{"start":{"line":14,"column":22},"end":{"line":16,"column":1}}}},"branchMap":{},"s":{"0":0,"1":0,"2":0,"3":0,"4":0,"5":0,"6":0,"7":0,"8":0},"f":{"0":0},"b":{}}
,"C:\\Users\\Usuario\\Documents\\OutrosProjetos\\DNC-desafio-7\\src\\config\\knex.ts": {"path":"C:\\Users\\Usuario\\Documents\\OutrosProjetos\\DNC-desafio-7\\src\\config\\knex.ts","statementMap":{"0":{"start":{"line":2,"column":0},"end":{"line":11,"column":2}}},"fnMap":{},"branchMap":{},"s":{"0":1},"f":{},"b":{}}
,"C:\\Users\\Usuario\\Documents\\OutrosProjetos\\DNC-desafio-7\\src\\module\\aluno\\aluno.model.ts": {"path":"C:\\Users\\Usuario\\Documents\\OutrosProjetos\\DNC-desafio-7\\src\\module\\aluno\\aluno.model.ts","statementMap":{"0":{"start":{"line":1,"column":0},"end":{"line":1,"column":38}},"1":{"start":{"line":4,"column":22},"end":{"line":6,"column":2}},"2":{"start":{"line":4,"column":56},"end":{"line":6,"column":2}},"3":{"start":{"line":5,"column":2},"end":{"line":5,"column":32}},"4":{"start":{"line":4,"column":13},"end":{"line":4,"column":22}},"5":{"start":{"line":8,"column":21},"end":{"line":45,"column":2}},"6":{"start":{"line":8,"column":45},"end":{"line":45,"column":2}},"7":{"start":{"line":10,"column":2},"end":{"line":12,"column":3}},"8":{"start":{"line":11,"column":6},"end":{"line":11,"column":46}},"9":{"start":{"line":14,"column":21},"end":{"line":29,"column":1}},"10":{"start":{"line":16,"column":4},"end":{"line":16,"column":33}},"11":{"start":{"line":19,"column":4},"end":{"line":21,"column":5}},"12":{"start":{"line":20,"column":8},"end":{"line":20,"column":21}},"13":{"start":{"line":24,"column":4},"end":{"line":26,"column":5}},"14":{"start":{"line":25,"column":8},"end":{"line":25,"column":21}},"15":{"start":{"line":28,"column":4},"end":{"line":28,"column":16}},"16":{"start":{"line":32,"column":2},"end":{"line":34,"column":3}},"17":{"start":{"line":33,"column":6},"end":{"line":33,"column":38}},"18":{"start":{"line":37,"column":24},"end":{"line":37,"column":76}},"19":{"start":{"line":38,"column":2},"end":{"line":40,"column":3}},"20":{"start":{"line":39,"column":6},"end":{"line":39,"column":43}},"21":{"start":{"line":43,"column":15},"end":{"line":43,"column":49}},"22":{"start":{"line":44,"column":2},"end":{"line":44,"column":12}},"23":{"start":{"line":8,"column":13},"end":{"line":8,"column":21}}},"fnMap":{"0":{"name":"(anonymous_8)","decl":{"start":{"line":4,"column":22},"end":{"line":4,"column":54}},"loc":{"start":{"line":4,"column":56},"end":{"line":6,"column":2}}},"1":{"name":"(anonymous_9)","decl":{"start":{"line":4,"column":56},"end":{"line":4,"column":null}},"loc":{"start":{"line":4,"column":56},"end":{"line":6,"column":1}}},"2":{"name":"(anonymous_10)","decl":{"start":{"line":8,"column":21},"end":{"line":8,"column":28}},"loc":{"start":{"line":8,"column":45},"end":{"line":45,"column":2}}},"3":{"name":"(anonymous_11)","decl":{"start":{"line":8,"column":45},"end":{"line":8,"column":null}},"loc":{"start":{"line":8,"column":45},"end":{"line":45,"column":1}}},"4":{"name":"(anonymous_12)","decl":{"start":{"line":14,"column":21},"end":{"line":14,"column":22}},"loc":{"start":{"line":14,"column":46},"end":{"line":29,"column":1}}}},"branchMap":{"0":{"loc":{"start":{"line":10,"column":2},"end":{"line":12,"column":3}},"type":"if","locations":[{"start":{"line":10,"column":2},"end":{"line":12,"column":3}}]},"1":{"loc":{"start":{"line":10,"column":6},"end":{"line":10,"column":47}},"type":"binary-expr","locations":[{"start":{"line":10,"column":6},"end":{"line":10,"column":18}},{"start":{"line":10,"column":22},"end":{"line":10,"column":47}}]},"2":{"loc":{"start":{"line":19,"column":4},"end":{"line":21,"column":5}},"type":"if","locations":[{"start":{"line":19,"column":4},"end":{"line":21,"column":5}}]},"3":{"loc":{"start":{"line":24,"column":4},"end":{"line":26,"column":5}},"type":"if","locations":[{"start":{"line":24,"column":4},"end":{"line":26,"column":5}}]},"4":{"loc":{"start":{"line":32,"column":2},"end":{"line":34,"column":3}},"type":"if","locations":[{"start":{"line":32,"column":2},"end":{"line":34,"column":3}}]},"5":{"loc":{"start":{"line":38,"column":2},"end":{"line":40,"column":3}},"type":"if","locations":[{"start":{"line":38,"column":2},"end":{"line":40,"column":3}}]}},"s":{"0":1,"1":1,"2":1,"3":1,"4":1,"5":1,"6":4,"7":4,"8":1,"9":3,"10":3,"11":3,"12":1,"13":2,"14":0,"15":2,"16":3,"17":1,"18":2,"19":2,"20":1,"21":1,"22":1,"23":1},"f":{"0":1,"1":1,"2":4,"3":4,"4":3},"b":{"0":[1],"1":[4,3],"2":[1],"3":[0],"4":[1],"5":[1]}}
,"C:\\Users\\Usuario\\Documents\\OutrosProjetos\\DNC-desafio-7\\src\\module\\aluno\\aluno.route.ts": {"path":"C:\\Users\\Usuario\\Documents\\OutrosProjetos\\DNC-desafio-7\\src\\module\\aluno\\aluno.route.ts","statementMap":{"0":{"start":{"line":1,"column":0},"end":{"line":1,"column":35}},"1":{"start":{"line":3,"column":0},"end":{"line":3,"column":44}},"2":{"start":{"line":5,"column":15},"end":{"line":5,"column":31}},"3":{"start":{"line":7,"column":0},"end":{"line":10,"column":3}},"4":{"start":{"line":7,"column":45},"end":{"line":10,"column":2}},"5":{"start":{"line":8,"column":15},"end":{"line":8,"column":40}},"6":{"start":{"line":9,"column":2},"end":{"line":9,"column":40}},"7":{"start":{"line":12,"column":0},"end":{"line":15,"column":3}},"8":{"start":{"line":12,"column":48},"end":{"line":15,"column":2}},"9":{"start":{"line":13,"column":15},"end":{"line":13,"column":47}},"10":{"start":{"line":14,"column":2},"end":{"line":14,"column":40}},"11":{"start":{"line":17,"column":0},"end":{"line":17,"column":22}}},"fnMap":{"0":{"name":"(anonymous_13)","decl":{"start":{"line":7,"column":16},"end":{"line":7,"column":23}},"loc":{"start":{"line":7,"column":45},"end":{"line":10,"column":2}}},"1":{"name":"(anonymous_14)","decl":{"start":{"line":7,"column":45},"end":{"line":7,"column":null}},"loc":{"start":{"line":7,"column":45},"end":{"line":10,"column":1}}},"2":{"name":"(anonymous_15)","decl":{"start":{"line":12,"column":17},"end":{"line":12,"column":24}},"loc":{"start":{"line":12,"column":48},"end":{"line":15,"column":2}}},"3":{"name":"(anonymous_16)","decl":{"start":{"line":12,"column":48},"end":{"line":12,"column":null}},"loc":{"start":{"line":12,"column":48},"end":{"line":15,"column":1}}}},"branchMap":{},"s":{"0":1,"1":1,"2":1,"3":1,"4":1,"5":1,"6":1,"7":1,"8":4,"9":4,"10":1,"11":1},"f":{"0":1,"1":1,"2":4,"3":4},"b":{}}
,"C:\\Users\\Usuario\\Documents\\OutrosProjetos\\DNC-desafio-7\\src\\service\\knex.ts": {"path":"C:\\Users\\Usuario\\Documents\\OutrosProjetos\\DNC-desafio-7\\src\\service\\knex.ts","statementMap":{"0":{"start":{"line":1,"column":0},"end":{"line":1,"column":24}},"1":{"start":{"line":2,"column":0},"end":{"line":2,"column":40}},"2":{"start":{"line":7,"column":2},"end":{"line":9,"column":3}},"3":{"start":{"line":8,"column":4},"end":{"line":8,"column":16}},"4":{"start":{"line":11,"column":2},"end":{"line":11,"column":26}},"5":{"start":{"line":12,"column":2},"end":{"line":12,"column":14}},"6":{"start":{"line":15,"column":0},"end":{"line":15,"column":26}}},"fnMap":{"0":{"name":"conectar","decl":{"start":{"line":6,"column":9},"end":{"line":6,"column":17}},"loc":{"start":{"line":6,"column":17},"end":{"line":13,"column":1}}}},"branchMap":{"0":{"loc":{"start":{"line":7,"column":2},"end":{"line":9,"column":3}},"type":"if","locations":[{"start":{"line":7,"column":2},"end":{"line":9,"column":3}}]}},"s":{"0":1,"1":1,"2":1,"3":0,"4":1,"5":1,"6":1},"f":{"0":1},"b":{"0":[0]}}
}
