TN:
SF:src\server.ts
FN:14,(anonymous_1)
FNF:1
FNH:0
FNDA:0,(anonymous_1)
DA:1,0
DA:2,0
DA:4,0
DA:7,0
DA:9,0
DA:10,0
DA:12,0
DA:14,0
DA:15,0
LF:9
LH:0
BRF:0
BRH:0
end_of_record
TN:
SF:src\config\knex.ts
FNF:0
FNH:0
DA:2,1
LF:1
LH:1
BRF:0
BRH:0
end_of_record
TN:
SF:src\module\aluno\aluno.model.ts
FN:4,(anonymous_8)
FN:4,(anonymous_9)
FN:8,(anonymous_10)
FN:8,(anonymous_11)
FN:14,(anonymous_12)
FNF:5
FNH:5
FNDA:1,(anonymous_8)
FNDA:1,(anonymous_9)
FNDA:4,(anonymous_10)
FNDA:4,(anonymous_11)
FNDA:3,(anonymous_12)
DA:1,1
DA:4,1
DA:5,1
DA:8,4
DA:10,4
DA:11,1
DA:14,3
DA:16,3
DA:19,3
DA:20,1
DA:24,2
DA:25,0
DA:28,2
DA:32,3
DA:33,1
DA:37,2
DA:38,2
DA:39,1
DA:43,1
DA:44,1
LF:20
LH:19
BRDA:10,0,0,1
BRDA:10,1,0,4
BRDA:10,1,1,3
BRDA:19,2,0,1
BRDA:24,3,0,0
BRDA:32,4,0,1
BRDA:38,5,0,1
BRF:7
BRH:6
end_of_record
TN:
SF:src\module\aluno\aluno.route.ts
FN:7,(anonymous_13)
FN:7,(anonymous_14)
FN:12,(anonymous_15)
FN:12,(anonymous_16)
FNF:4
FNH:4
FNDA:1,(anonymous_13)
FNDA:1,(anonymous_14)
FNDA:4,(anonymous_15)
FNDA:4,(anonymous_16)
DA:1,1
DA:3,1
DA:5,1
DA:7,1
DA:8,1
DA:9,1
DA:12,4
DA:13,4
DA:14,1
DA:17,1
LF:10
LH:10
BRF:0
BRH:0
end_of_record
TN:
SF:src\service\knex.ts
FN:6,conectar
FNF:1
FNH:1
FNDA:1,conectar
DA:1,1
DA:2,1
DA:7,1
DA:8,0
DA:11,1
DA:12,1
DA:15,1
LF:7
LH:6
BRDA:7,0,0,0
BRF:1
BRH:0
end_of_record
